Using pre-set license
Built from '2020.3/staging' branch; Version is '2020.3.30f1 (1fb1bf06830e) revision 2077119'; Using compiler version '192528614'; Build Type 'Release'
OS: 'Windows 10  (10.0.19044) 64bit Core' Language: 'zh' Physical Memory: 16205 MB
BatchMode: 1, IsHumanControllingUs: 0, StartBugReporterOnCrash: 0, Is64bit: 1, IsPro: 0

COMMAND LINE ARGUMENTS:
D:\Unityhub\VisualStudio\2020.3.30f1\Editor\Unity.exe
-adb2
-batchMode
-noUpm
-name
AssetImportWorker0
-projectPath
D:/Unityhub/SIT383-2/SIT383-T12022-Metaverse/Radioactivity/AR Library
-logFile
Logs/AssetImportWorker0.log
-srvPort
54384
Successfully changed project path to: D:/Unityhub/SIT383-2/SIT383-T12022-Metaverse/Radioactivity/AR Library
D:/Unityhub/SIT383-2/SIT383-T12022-Metaverse/Radioactivity/AR Library
Using Asset Import Pipeline V2.
Refreshing native plugins compatible for Editor in 46.61 ms, found 3 plugins.
Preloading 0 native plugins for Editor in 0.00 ms.
Initialize engine version: 2020.3.30f1 (1fb1bf06830e)
[Subsystems] Discovering subsystems at path D:/Unityhub/VisualStudio/2020.3.30f1/Editor/Data/Resources/UnitySubsystems
[Subsystems] Discovering subsystems at path D:/Unityhub/SIT383-2/SIT383-T12022-Metaverse/Radioactivity/AR Library/Assets
GfxDevice: creating device client; threaded=0
Direct3D:
    Version:  Direct3D 11.0 [level 11.1]
    Renderer: NVIDIA GeForce RTX 3060 Laptop GPU (ID=0x2520)
    Vendor:   
    VRAM:     6023 MB
    Driver:   30.0.15.1215
Initialize mono
Mono path[0] = 'D:/Unityhub/VisualStudio/2020.3.30f1/Editor/Data/Managed'
Mono path[1] = 'D:/Unityhub/VisualStudio/2020.3.30f1/Editor/Data/MonoBleedingEdge/lib/mono/unityjit'
Mono config path = 'D:/Unityhub/VisualStudio/2020.3.30f1/Editor/Data/MonoBleedingEdge/etc'
Using monoOptions --debugger-agent=transport=dt_socket,embedding=1,server=y,suspend=n,address=127.0.0.1:56312
Begin MonoManager ReloadAssembly
Registering precompiled unity dll's ...
Register platform support module: D:/Unityhub/VisualStudio/2020.3.30f1/Editor/Data/PlaybackEngines/WebGLSupport/UnityEditor.WebGL.Extensions.dll
Register platform support module: D:/Unityhub/VisualStudio/2020.3.30f1/Editor/Data/PlaybackEngines/MacStandaloneSupport/UnityEditor.OSXStandalone.Extensions.dll
Register platform support module: D:/Unityhub/VisualStudio/2020.3.30f1/Editor/Data/PlaybackEngines/WindowsStandaloneSupport/UnityEditor.WindowsStandalone.Extensions.dll
Register platform support module: D:/Unityhub/VisualStudio/2020.3.30f1/Editor/Data/PlaybackEngines/LinuxStandaloneSupport/UnityEditor.LinuxStandalone.Extensions.dll
Register platform support module: D:/Unityhub/VisualStudio/2020.3.30f1/Editor/Data/PlaybackEngines/LuminSupport/UnityEditor.Lumin.Extensions.dll
Registered in 0.005805 seconds.
Native extension for Lumin target not found
Native extension for LinuxStandalone target not found
Native extension for WindowsStandalone target not found
Native extension for OSXStandalone target not found
Native extension for WebGL target not found
Refreshing native plugins compatible for Editor in 36.85 ms, found 3 plugins.
Preloading 0 native plugins for Editor in 0.00 ms.
Mono: successfully reloaded assembly
- Completed reload, in  0.608 seconds
Domain Reload Profiling:
	ReloadAssembly (608ms)
		BeginReloadAssembly (116ms)
			ExecutionOrderSort (0ms)
			DisableScriptedObjects (0ms)
			BackupInstance (0ms)
			ReleaseScriptingObjects (0ms)
			CreateAndSetChildDomain (1ms)
		EndReloadAssembly (414ms)
			LoadAssemblies (113ms)
			RebuildTransferFunctionScriptingTraits (0ms)
			SetupTypeCache (136ms)
			ReleaseScriptCaches (0ms)
			RebuildScriptCaches (25ms)
			SetupLoadedEditorAssemblies (151ms)
				LogAssemblyErrors (0ms)
				InitializePlatformSupportModulesInManaged (7ms)
				SetLoadedEditorAssemblies (0ms)
				RefreshPlugins (37ms)
				BeforeProcessingInitializeOnLoad (14ms)
				ProcessInitializeOnLoadAttributes (69ms)
				ProcessInitializeOnLoadMethodAttributes (24ms)
				AfterProcessingInitializeOnLoad (0ms)
				EditorAssembliesLoaded (0ms)
			ExecutionOrderSort2 (0ms)
			AwakeInstancesAfterBackupRestoration (0ms)
Platform modules already initialized, skipping
Registering precompiled user dll's ...
Registered in 0.009438 seconds.
Begin MonoManager ReloadAssembly
Native extension for Lumin target not found
Native extension for LinuxStandalone target not found
Native extension for WindowsStandalone target not found
Native extension for OSXStandalone target not found
Native extension for WebGL target not found
Refreshing native plugins compatible for Editor in 0.51 ms, found 3 plugins.
Preloading 0 native plugins for Editor in 0.00 ms.
Mono: successfully reloaded assembly
- Completed reload, in  1.127 seconds
Domain Reload Profiling:
	ReloadAssembly (1129ms)
		BeginReloadAssembly (193ms)
			ExecutionOrderSort (0ms)
			DisableScriptedObjects (4ms)
			BackupInstance (0ms)
			ReleaseScriptingObjects (0ms)
			CreateAndSetChildDomain (16ms)
		EndReloadAssembly (867ms)
			LoadAssemblies (165ms)
			RebuildTransferFunctionScriptingTraits (0ms)
			SetupTypeCache (268ms)
			ReleaseScriptCaches (0ms)
			RebuildScriptCaches (41ms)
			SetupLoadedEditorAssemblies (357ms)
				LogAssemblyErrors (0ms)
				InitializePlatformSupportModulesInManaged (8ms)
				SetLoadedEditorAssemblies (0ms)
				RefreshPlugins (1ms)
				BeforeProcessingInitializeOnLoad (105ms)
				ProcessInitializeOnLoadAttributes (222ms)
				ProcessInitializeOnLoadMethodAttributes (8ms)
				AfterProcessingInitializeOnLoad (12ms)
				EditorAssembliesLoaded (0ms)
			ExecutionOrderSort2 (0ms)
			AwakeInstancesAfterBackupRestoration (5ms)
Platform modules already initialized, skipping
========================================================================
Worker process is ready to serve import requests
Launched and connected shader compiler UnityShaderCompiler.exe after 0.04 seconds
Refreshing native plugins compatible for Editor in 0.52 ms, found 3 plugins.
Preloading 0 native plugins for Editor in 0.00 ms.
Unloading 2225 Unused Serialized files (Serialized files now loaded: 0)
System memory in use before: 94.3 MB.
System memory in use after: 94.4 MB.

Unloading 40 unused Assets to reduce memory usage. Loaded Objects now: 2647.
Total: 2.929100 ms (FindLiveObjects: 0.141800 ms CreateObjectMapping: 0.079000 ms MarkObjects: 2.650500 ms  DeleteObjects: 0.056900 ms)

AssetImportParameters requested are different than current active one (requested -> active):
  custom:framework-win-MediaFoundation: 216162199b28c13a410421893ffa2e32 -> 
  custom:video-decoder-ogg-theora: a1e56fd34408186e4bbccfd4996cb3dc -> 
  custom:container-muxer-webm: aa71ff27fc2769a1b78a27578f13a17b -> 
  custom:container-demuxer-webm: 4f35f7cbe854078d1ac9338744f61a02 -> 
  custom:container-demuxer-ogg: 62fdf1f143b41e24485cea50d1cbac27 -> 
  custom:video-encoder-webm-vp8: eb34c28f22e8b96e1ab97ce403110664 -> 
  custom:video-decoder-webm-vp8: 9c59270c3fd7afecdb556c50c9e8de78 -> 
  custom:audio-decoder-ogg-vorbis: bf7c407c2cedff20999df2af8eb42d56 -> 
  custom:audio-encoder-webm-vorbis: bf7c407c2cedff20999df2af8eb42d56 -> 
========================================================================
Received Import Request.
  path: Assets/GoogleARCore
  artifactKey: Guid(afb3e05691ff94d2cbad20643e5c5879) Importer(815301076,1909f56bfc062723c751e8b465ee728b)
Start importing Assets/GoogleARCore using Guid(afb3e05691ff94d2cbad20643e5c5879) Importer(815301076,1909f56bfc062723c751e8b465ee728b)  -> (artifact id: '72944a28f7642002eb33c08958632e03') in 0.010615 seconds 
========================================================================
Received Import Request.
  Time since last request: 0.000097 seconds.
  path: Assets/GoogleARCore/Examples
  artifactKey: Guid(165068a6255814b639ac5e322836d8bb) Importer(815301076,1909f56bfc062723c751e8b465ee728b)
Start importing Assets/GoogleARCore/Examples using Guid(165068a6255814b639ac5e322836d8bb) Importer(815301076,1909f56bfc062723c751e8b465ee728b)  -> (artifact id: '4e9b98bda500ffcfb59276a913e831e0') in 0.006942 seconds 
========================================================================
Received Import Request.
  Time since last request: 3.350946 seconds.
  path: Assets/GoogleARCore/Examples/Common/Roboto-Regular.ttf
  artifactKey: Guid(f66655b38428d40769e9e41ee237cbdc) Importer(815301076,1909f56bfc062723c751e8b465ee728b)
Start importing Assets/GoogleARCore/Examples/Common/Roboto-Regular.ttf using Guid(f66655b38428d40769e9e41ee237cbdc) Importer(815301076,1909f56bfc062723c751e8b465ee728b)  -> (artifact id: '8153ff28001b32ff22f4870e804a09f6') in 0.106637 seconds 
========================================================================
Received Import Request.
  Time since last request: 0.000146 seconds.
  path: Assets/GoogleARCore/Examples/Common
  artifactKey: Guid(aa41f258cad6a4036bf51f9dd04fd11d) Importer(815301076,1909f56bfc062723c751e8b465ee728b)
Start importing Assets/GoogleARCore/Examples/Common using Guid(aa41f258cad6a4036bf51f9dd04fd11d) Importer(815301076,1909f56bfc062723c751e8b465ee728b)  -> (artifact id: '2c5bb761bc5f689611f0a04eeb34cc97') in 0.007109 seconds 
========================================================================
Received Import Request.
  Time since last request: 9.632759 seconds.
  path: Assets/GoogleARCore/Examples/CloudAnchors/circle.png
  artifactKey: Guid(b3bc1c32ce2284758a917d938d8c3693) Importer(815301076,1909f56bfc062723c751e8b465ee728b)
Start importing Assets/GoogleARCore/Examples/CloudAnchors/circle.png using Guid(b3bc1c32ce2284758a917d938d8c3693) Importer(815301076,1909f56bfc062723c751e8b465ee728b)  -> (artifact id: 'f2f7853350fbd1f948f7cea8b05b708f') in 0.036001 seconds 
========================================================================
Received Import Request.
  Time since last request: 0.000189 seconds.
  path: Assets/GoogleARCore/Examples/CloudAnchors
  artifactKey: Guid(8882333b591f04286b417ab47ff34c20) Importer(815301076,1909f56bfc062723c751e8b465ee728b)
Start importing Assets/GoogleARCore/Examples/CloudAnchors using Guid(8882333b591f04286b417ab47ff34c20) Importer(815301076,1909f56bfc062723c751e8b465ee728b)  -> (artifact id: '3c00f841dbd60a430276290ff617b77c') in 0.007185 seconds 
========================================================================
Received Import Request.
  Time since last request: 1.992055 seconds.
  path: Assets/GoogleARCore/Examples/CloudAnchors/Scenes
  artifactKey: Guid(ad1c36489614b41a48cbb57ae747dc32) Importer(815301076,1909f56bfc062723c751e8b465ee728b)
Start importing Assets/GoogleARCore/Examples/CloudAnchors/Scenes using Guid(ad1c36489614b41a48cbb57ae747dc32) Importer(815301076,1909f56bfc062723c751e8b465ee728b)  -> (artifact id: '0c9942371910f00696e0fdc927d646ff') in 0.008933 seconds 
========================================================================
Received Import Request.
  Time since last request: 1.702794 seconds.
  path: Assets/GoogleARCore/Examples/CloudAnchors/Scenes/CloudAnchors.unity
  artifactKey: Guid(83fb41cc294e74bdea57537befa00ffc) Importer(815301076,1909f56bfc062723c751e8b465ee728b)
Start importing Assets/GoogleARCore/Examples/CloudAnchors/Scenes/CloudAnchors.unity using Guid(83fb41cc294e74bdea57537befa00ffc) Importer(815301076,1909f56bfc062723c751e8b465ee728b)  -> (artifact id: '319e1e2baae49fab55fb4d80d690dfef') in 0.008649 seconds 
========================================================================
Received Prepare
Refreshing native plugins compatible for Editor in 10.84 ms, found 3 plugins.
Preloading 0 native plugins for Editor in 0.00 ms.
Unloading 32 Unused Serialized files (Serialized files now loaded: 0)
System memory in use before: 53.1 MB.
System memory in use after: 53.2 MB.

Unloading 32 unused Assets to reduce memory usage. Loaded Objects now: 2693.
Total: 2.789300 ms (FindLiveObjects: 0.179400 ms CreateObjectMapping: 0.083700 ms MarkObjects: 2.490500 ms  DeleteObjects: 0.035200 ms)

AssetImportParameters requested are different than current active one (requested -> active):
  custom:framework-win-MediaFoundation: 216162199b28c13a410421893ffa2e32 -> 
  custom:video-decoder-ogg-theora: a1e56fd34408186e4bbccfd4996cb3dc -> 
  custom:container-muxer-webm: aa71ff27fc2769a1b78a27578f13a17b -> 
  custom:container-demuxer-webm: 4f35f7cbe854078d1ac9338744f61a02 -> 
  custom:container-demuxer-ogg: 62fdf1f143b41e24485cea50d1cbac27 -> 
  custom:video-encoder-webm-vp8: eb34c28f22e8b96e1ab97ce403110664 -> 
  custom:video-decoder-webm-vp8: 9c59270c3fd7afecdb556c50c9e8de78 -> 
  custom:audio-decoder-ogg-vorbis: bf7c407c2cedff20999df2af8eb42d56 -> 
  custom:audio-encoder-webm-vorbis: bf7c407c2cedff20999df2af8eb42d56 -> 
AssetImportWorkerClient::OnTransportError - code=2 error=End of file
