Unity Editor version:    2020.3.33f1 (915a7af8b0d5)
Branch:                  2020.3/staging
Build type:              Release
Batch mode:              YES
macOS version:           Version 12.3 (Build 21E230)
Darwin version:          21.4.0
Architecture:            x86_64
Running under Rosetta:   YES
Available memory:        8192 MB
Using pre-set license
Pro License: NO

COMMAND LINE ARGUMENTS:
/Applications/Unity/Hub/Editor/2020.3.33f1/Unity.app/Contents/MacOS/Unity
-adb2
-batchMode
-noUpm
-name
AssetImportWorker0
-projectPath
/Users/tushar/SIT383-T12022-Metaverse/Apparate/Port
-logFile
Logs/AssetImportWorker0.log
-srvPort
60488
Successfully changed project path to: /Users/tushar/SIT383-T12022-Metaverse/Apparate/Port
/Users/tushar/SIT383-T12022-Metaverse/Apparate/Port
Using Asset Import Pipeline V2.
Refreshing native plugins compatible for Editor in 52.06 ms, found 2 plugins.
Preloading 0 native plugins for Editor in 0.00 ms.
Initialize engine version: 2020.3.33f1 (915a7af8b0d5)
[Subsystems] Discovering subsystems at path /Applications/Unity/Hub/Editor/2020.3.33f1/Unity.app/Contents/Resources/UnitySubsystems
[Subsystems] Discovering subsystems at path /Users/tushar/SIT383-T12022-Metaverse/Apparate/Port/Assets
GfxDevice: creating device client; threaded=0
2022-05-24 14:50:49.492 Unity[5881:223390] (null) preferred device: Apple M1 (high power)
2022-05-24 14:50:49.492 Unity[5881:223390] Metal devices available: 1
2022-05-24 14:50:49.492 Unity[5881:223390] 0: Apple M1 (high power)
2022-05-24 14:50:49.492 Unity[5881:223390] Using device Apple M1 (high power)
Initializing Metal device caps: Apple M1
Initialize mono
Mono path[0] = '/Applications/Unity/Hub/Editor/2020.3.33f1/Unity.app/Contents/Managed'
Mono path[1] = '/Applications/Unity/Hub/Editor/2020.3.33f1/Unity.app/Contents/MonoBleedingEdge/lib/mono/unityjit'
Mono config path = '/Applications/Unity/Hub/Editor/2020.3.33f1/Unity.app/Contents/MonoBleedingEdge/etc'
Using monoOptions --debugger-agent=transport=dt_socket,embedding=1,server=y,suspend=n,address=127.0.0.1:56881
Begin MonoManager ReloadAssembly
Registering precompiled unity dll's ...
Register platform support module: /Applications/Unity/Hub/Editor/2020.3.33f1/Unity.app/Contents/PlaybackEngines/MacStandaloneSupport/UnityEditor.OSXStandalone.Extensions.dll
Registered in 0.001936 seconds.
Native extension for OSXStandalone target not found
Refreshing native plugins compatible for Editor in 33.48 ms, found 2 plugins.
Preloading 0 native plugins for Editor in 0.00 ms.
Mono: successfully reloaded assembly
- Completed reload, in  1.149 seconds
Domain Reload Profiling:
	ReloadAssembly (1149ms)
		BeginReloadAssembly (91ms)
			ExecutionOrderSort (0ms)
			DisableScriptedObjects (0ms)
			BackupInstance (0ms)
			ReleaseScriptingObjects (0ms)
			CreateAndSetChildDomain (3ms)
		EndReloadAssembly (949ms)
			LoadAssemblies (89ms)
			RebuildTransferFunctionScriptingTraits (0ms)
			SetupTypeCache (174ms)
			ReleaseScriptCaches (0ms)
			RebuildScriptCaches (39ms)
			SetupLoadedEditorAssemblies (469ms)
				LogAssemblyErrors (0ms)
				InitializePlatformSupportModulesInManaged (11ms)
				SetLoadedEditorAssemblies (0ms)
				RefreshPlugins (34ms)
				BeforeProcessingInitializeOnLoad (22ms)
				ProcessInitializeOnLoadAttributes (303ms)
				ProcessInitializeOnLoadMethodAttributes (98ms)
				AfterProcessingInitializeOnLoad (0ms)
				EditorAssembliesLoaded (1ms)
			ExecutionOrderSort2 (0ms)
			AwakeInstancesAfterBackupRestoration (0ms)
Platform modules already initialized, skipping
Registering precompiled user dll's ...
Registered in 0.002161 seconds.
Begin MonoManager ReloadAssembly
Symbol file LoadedFromMemory doesn't match image /Users/tushar/SIT383-T12022-Metaverse/Apparate/Port/Library/PackageCache/com.unity.collab-proxy@1.15.15/Lib/Editor/PlasticSCM/unityplastic.dll
Native extension for OSXStandalone target not found
Refreshing native plugins compatible for Editor in 32.90 ms, found 2 plugins.
Preloading 0 native plugins for Editor in 0.00 ms.
Mono: successfully reloaded assembly
- Completed reload, in  2.032 seconds
Domain Reload Profiling:
	ReloadAssembly (2036ms)
		BeginReloadAssembly (226ms)
			ExecutionOrderSort (0ms)
			DisableScriptedObjects (29ms)
			BackupInstance (0ms)
			ReleaseScriptingObjects (0ms)
			CreateAndSetChildDomain (30ms)
		EndReloadAssembly (1724ms)
			LoadAssemblies (175ms)
			RebuildTransferFunctionScriptingTraits (0ms)
			SetupTypeCache (314ms)
			ReleaseScriptCaches (1ms)
			RebuildScriptCaches (53ms)
			SetupLoadedEditorAssemblies (873ms)
				LogAssemblyErrors (0ms)
				InitializePlatformSupportModulesInManaged (8ms)
				SetLoadedEditorAssemblies (0ms)
				RefreshPlugins (33ms)
				BeforeProcessingInitializeOnLoad (133ms)
				ProcessInitializeOnLoadAttributes (672ms)
				ProcessInitializeOnLoadMethodAttributes (25ms)
				AfterProcessingInitializeOnLoad (1ms)
				EditorAssembliesLoaded (0ms)
			ExecutionOrderSort2 (0ms)
			AwakeInstancesAfterBackupRestoration (28ms)
Platform modules already initialized, skipping
Validating Project structure ... 0.000565 seconds.
Shader import version has changed; will reimport all shaders...
Upgrading shader files ...0.002124 seconds.
Application.AssetDatabase Initial Script Refresh Start
RefreshInfo: InitialScriptRefreshV2(NoUpdateAssetOptions) scanfilter:  ... 1 filters
RefreshProfiler: Total: 0.000ms
Application.AssetDatabase Initial Script Refresh End
Application.AssetDatabase.Refresh Start
Application.AssetDatabase.Refresh End
RefreshInfo: StopAssetImportingV2(ForceSynchronousImport) scanfilter: 
RefreshProfiler: Total: 0.000ms
Launching external process: /Applications/Unity/Hub/Editor/2020.3.33f1/Unity.app/Contents/Tools/UnityShaderCompiler
Launched and connected shader compiler UnityShaderCompiler after 0.03 seconds
Initializing Unity extensions:
2022-05-24 14:50:53.712 Unity[5881:223390] NSEventModifierFlagFunction specified to -setKeyEquivalentModifierMask: for item <NSMenuItem: 0x600003258d20 Font Asset, ke='Command-F12'>, but is only supported for system-provided menu items; will not be used
2022-05-24 14:50:53.715 Unity[5881:223390] NSEventModifierFlagFunction specified to -setKeyEquivalentModifierMask: for item <NSMenuItem: 0x60000322b1e0 Font Asset, ke='Command-F12'>, but is only supported for system-provided menu items; will not be used
========================================================================
Worker process is ready to serve import requests
Refreshing native plugins compatible for Editor in 0.39 ms, found 2 plugins.
Preloading 0 native plugins for Editor in 0.00 ms.
Unloading 1937 Unused Serialized files (Serialized files now loaded: 0)
System memory in use before: 195.0 MB.
System memory in use after: 194.1 MB.

Unloading 118 unused Assets to reduce memory usage. Loaded Objects now: 2413.
Total: 2.525291 ms (FindLiveObjects: 0.099250 ms CreateObjectMapping: 0.041083 ms MarkObjects: 1.953834 ms  DeleteObjects: 0.429708 ms)

AssetImportParameters requested are different than current active one (requested -> active):
  custom:video-decoder-ogg-theora: a1e56fd34408186e4bbccfd4996cb3dc -> 
  custom:container-muxer-webm: aa71ff27fc2769a1b78a27578f13a17b -> 
  custom:container-demuxer-webm: 4f35f7cbe854078d1ac9338744f61a02 -> 
  custom:container-demuxer-ogg: 62fdf1f143b41e24485cea50d1cbac27 -> 
  custom:video-encoder-webm-vp8: eb34c28f22e8b96e1ab97ce403110664 -> 
  custom:framework-osx-AVFoundation: e770b220cccbd017edd2c1fefb359320 -> 
  custom:video-decoder-webm-vp8: 9c59270c3fd7afecdb556c50c9e8de78 -> 
  custom:audio-decoder-ogg-vorbis: bf7c407c2cedff20999df2af8eb42d56 -> 
  custom:audio-encoder-webm-vorbis: bf7c407c2cedff20999df2af8eb42d56 -> 
========================================================================
Received Import Request.
  path: Assets/Materials
  artifactKey: Guid(7e6d105d27ec4472cac4b4d6ba10a4cc) Importer(815301076,1909f56bfc062723c751e8b465ee728b)
Start importing Assets/Materials using Guid(7e6d105d27ec4472cac4b4d6ba10a4cc) Importer(815301076,1909f56bfc062723c751e8b465ee728b)  -> (artifact id: 'd7b18cc59e61a021131b28834229f927') in 0.005661 seconds 
========================================================================
Received Import Request.
  Time since last request: 0.000378 seconds.
  path: Assets/Materials/Cloud.mat
  artifactKey: Guid(540c08ca2074e4e24a2e8f409d554bc4) Importer(815301076,1909f56bfc062723c751e8b465ee728b)
Start importing Assets/Materials/Cloud.mat using Guid(540c08ca2074e4e24a2e8f409d554bc4) Importer(815301076,1909f56bfc062723c751e8b465ee728b)  -> (artifact id: '6953d53a5316ca4a42e3a52c0f78f434') in 0.281729 seconds 
========================================================================
Received Import Request.
  Time since last request: 0.000237 seconds.
  path: Assets/XR
  artifactKey: Guid(6dd58c68086f542d6bb7dff28f23a75c) Importer(815301076,1909f56bfc062723c751e8b465ee728b)
Start importing Assets/XR using Guid(6dd58c68086f542d6bb7dff28f23a75c) Importer(815301076,1909f56bfc062723c751e8b465ee728b)  -> (artifact id: '624e508441ff2fa0f64e865296763191') in 0.000533 seconds 
========================================================================
Received Import Request.
  Time since last request: 34.588005 seconds.
  path: Assets/Materials/pic.jpeg
  artifactKey: Guid(a1db1704a91654d898c883ae0b77c6fa) Importer(815301076,1909f56bfc062723c751e8b465ee728b)
Start importing Assets/Materials/pic.jpeg using Guid(a1db1704a91654d898c883ae0b77c6fa) Importer(815301076,1909f56bfc062723c751e8b465ee728b)  -> (artifact id: '59d861b6a6c9c9f8ff07f0128cfdaae7') in 0.106200 seconds 
========================================================================
Received Prepare
Refreshing native plugins compatible for Editor in 2.67 ms, found 2 plugins.
Preloading 0 native plugins for Editor in 0.00 ms.
Unloading 10 Unused Serialized files (Serialized files now loaded: 0)
System memory in use before: 164.2 MB.
System memory in use after: 164.4 MB.

Unloading 9 unused Assets to reduce memory usage. Loaded Objects now: 2455.
Total: 15.591875 ms (FindLiveObjects: 0.225125 ms CreateObjectMapping: 0.045541 ms MarkObjects: 15.285792 ms  DeleteObjects: 0.034250 ms)

AssetImportParameters requested are different than current active one (requested -> active):
  custom:video-decoder-ogg-theora: a1e56fd34408186e4bbccfd4996cb3dc -> 
  custom:container-muxer-webm: aa71ff27fc2769a1b78a27578f13a17b -> 
  custom:container-demuxer-webm: 4f35f7cbe854078d1ac9338744f61a02 -> 
  custom:container-demuxer-ogg: 62fdf1f143b41e24485cea50d1cbac27 -> 
  custom:video-encoder-webm-vp8: eb34c28f22e8b96e1ab97ce403110664 -> 
  custom:framework-osx-AVFoundation: e770b220cccbd017edd2c1fefb359320 -> 
  custom:video-decoder-webm-vp8: 9c59270c3fd7afecdb556c50c9e8de78 -> 
  custom:audio-decoder-ogg-vorbis: bf7c407c2cedff20999df2af8eb42d56 -> 
  custom:audio-encoder-webm-vorbis: bf7c407c2cedff20999df2af8eb42d56 -> 
========================================================================
Received Import Request.
  Time since last request: 619.008841 seconds.
  path: Assets/Materials/Inverter.mat
  artifactKey: Guid(7dbf85dff412c438a89115bc8d48f50f) Importer(815301076,1909f56bfc062723c751e8b465ee728b)
Start importing Assets/Materials/Inverter.mat using Guid(7dbf85dff412c438a89115bc8d48f50f) Importer(815301076,1909f56bfc062723c751e8b465ee728b)  -> (artifact id: '4f19f3e820e3015c99b4fda25267dfb2') in 0.065535 seconds 
========================================================================
Received Import Request.
  Time since last request: 324.729189 seconds.
  path: Assets/Materials/room.jpg
  artifactKey: Guid(28d6b6a9ab50b4a38a3063231042dac8) Importer(815301076,1909f56bfc062723c751e8b465ee728b)
Start importing Assets/Materials/room.jpg using Guid(28d6b6a9ab50b4a38a3063231042dac8) Importer(815301076,1909f56bfc062723c751e8b465ee728b)  -> (artifact id: 'a4347dc9cbc4bfde0f2a1300b99c229b') in 0.505250 seconds 
========================================================================
Received Import Request.
  Time since last request: 306.172962 seconds.
  path: Assets/Prefabs/R0010414.JPG
  artifactKey: Guid(028da9bc11874411e87eb9713b4475e9) Importer(815301076,1909f56bfc062723c751e8b465ee728b)
Start importing Assets/Prefabs/R0010414.JPG using Guid(028da9bc11874411e87eb9713b4475e9) Importer(815301076,1909f56bfc062723c751e8b465ee728b)  -> (artifact id: 'cb012e4109c20c7e20fd5dc2a32e6d31') in 0.476545 seconds 
========================================================================
Received Prepare
Refreshing native plugins compatible for Editor in 2.96 ms, found 2 plugins.
Preloading 0 native plugins for Editor in 0.00 ms.
Unloading 9 Unused Serialized files (Serialized files now loaded: 0)
System memory in use before: 172.6 MB.
System memory in use after: 172.7 MB.

Unloading 9 unused Assets to reduce memory usage. Loaded Objects now: 2455.
Total: 14.443250 ms (FindLiveObjects: 1.320875 ms CreateObjectMapping: 0.049250 ms MarkObjects: 13.039417 ms  DeleteObjects: 0.031666 ms)

AssetImportParameters requested are different than current active one (requested -> active):
  custom:video-decoder-ogg-theora: a1e56fd34408186e4bbccfd4996cb3dc -> 
  custom:container-muxer-webm: aa71ff27fc2769a1b78a27578f13a17b -> 
  custom:container-demuxer-webm: 4f35f7cbe854078d1ac9338744f61a02 -> 
  custom:container-demuxer-ogg: 62fdf1f143b41e24485cea50d1cbac27 -> 
  custom:video-encoder-webm-vp8: eb34c28f22e8b96e1ab97ce403110664 -> 
  custom:framework-osx-AVFoundation: e770b220cccbd017edd2c1fefb359320 -> 
  custom:video-decoder-webm-vp8: 9c59270c3fd7afecdb556c50c9e8de78 -> 
  custom:audio-decoder-ogg-vorbis: bf7c407c2cedff20999df2af8eb42d56 -> 
  custom:audio-encoder-webm-vorbis: bf7c407c2cedff20999df2af8eb42d56 -> 
========================================================================
Received Import Request.
  Time since last request: 54.078975 seconds.
  path: Assets/Materials/Inverter.mat
  artifactKey: Guid(7dbf85dff412c438a89115bc8d48f50f) Importer(815301076,1909f56bfc062723c751e8b465ee728b)
Start importing Assets/Materials/Inverter.mat using Guid(7dbf85dff412c438a89115bc8d48f50f) Importer(815301076,1909f56bfc062723c751e8b465ee728b)  -> (artifact id: '1b76cdfd1013c72e9493aa5759811b1d') in 0.053272 seconds 
