Unity Editor version:    2020.3.21f1c1 (ae728190a658)
Branch:                  2020.3/china_unity/release
Build type:              Release
Batch mode:              YES
macOS version:           Version 11.2.3 (Build 20D91)
Darwin version:          20.3.0
Architecture:            x86_64
Running under Rosetta:   NO
Available memory:        8192 MB
Using pre-set license
Pro License: NO

COMMAND LINE ARGUMENTS:
/Applications/Unity/Hub/Editor/2020.3.21f1c1/Unity.app/Contents/MacOS/Unity
-adb2
-batchMode
-noUpm
-name
AssetImportWorker0
-projectPath
/Users/dongxuemei/Desktop/SIT383/Metaverse Campus/Deakin International AR core
-logFile
Logs/AssetImportWorker0.log
-srvPort
59527
Successfully changed project path to: /Users/dongxuemei/Desktop/SIT383/Metaverse Campus/Deakin International AR core
/Users/dongxuemei/Desktop/SIT383/Metaverse Campus/Deakin International AR core
Using Asset Import Pipeline V2.
AS: AutoStreaming module initializing.Refreshing native plugins compatible for Editor in 105.71 ms, found 2 plugins.
Preloading 0 native plugins for Editor in 0.00 ms.
Initialize engine version: 2020.3.21f1c1 (ae728190a658)
[Subsystems] Discovering subsystems at path /Applications/Unity/Hub/Editor/2020.3.21f1c1/Unity.app/Contents/Resources/UnitySubsystems
[Subsystems] Discovering subsystems at path /Users/dongxuemei/Desktop/SIT383/Metaverse Campus/Deakin International AR core/Assets
GfxDevice: creating device client; threaded=0
2022-05-06 04:32:15.604 Unity[32124:885498] Color LCD preferred device: Intel(R) Iris(TM) Plus Graphics 650 (low power)
2022-05-06 04:32:15.604 Unity[32124:885498] Metal devices available: 1
2022-05-06 04:32:15.604 Unity[32124:885498] 0: Intel(R) Iris(TM) Plus Graphics 650 (low power)
2022-05-06 04:32:15.607 Unity[32124:885498] Using device Intel(R) Iris(TM) Plus Graphics 650 (low power)
Initializing Metal device caps: Intel(R) Iris(TM) Plus Graphics 650
Initialize mono
Mono path[0] = '/Applications/Unity/Hub/Editor/2020.3.21f1c1/Unity.app/Contents/Managed'
Mono path[1] = '/Applications/Unity/Hub/Editor/2020.3.21f1c1/Unity.app/Contents/MonoBleedingEdge/lib/mono/unityjit'
Mono config path = '/Applications/Unity/Hub/Editor/2020.3.21f1c1/Unity.app/Contents/MonoBleedingEdge/etc'
Using monoOptions --debugger-agent=transport=dt_socket,embedding=1,server=y,suspend=n,address=127.0.0.1:56124
Begin MonoManager ReloadAssembly
Registering precompiled unity dll's ...
Register platform support module: /Applications/Unity/Hub/Editor/2020.3.21f1c1/Unity.app/Contents/PlaybackEngines/MacStandaloneSupport/UnityEditor.OSXStandalone.Extensions.dll
Register platform support module: /Applications/Unity/Hub/Editor/2020.3.21f1c1/PlaybackEngines/WindowsStandaloneSupport/UnityEditor.WindowsStandalone.Extensions.dll
Registered in 0.002662 seconds.
Native extension for WindowsStandalone target not found
Native extension for OSXStandalone target not found
Refreshing native plugins compatible for Editor in 79.37 ms, found 2 plugins.
Preloading 0 native plugins for Editor in 0.00 ms.
Mono: successfully reloaded assembly
- Completed reload, in  6.244 seconds
Domain Reload Profiling:
	ReloadAssembly (6244ms)
		BeginReloadAssembly (88ms)
			ExecutionOrderSort (0ms)
			DisableScriptedObjects (0ms)
			BackupInstance (0ms)
			ReleaseScriptingObjects (0ms)
			CreateAndSetChildDomain (2ms)
		EndReloadAssembly (803ms)
			LoadAssemblies (89ms)
			RebuildTransferFunctionScriptingTraits (0ms)
			SetupTypeCache (292ms)
			ReleaseScriptCaches (0ms)
			RebuildScriptCaches (60ms)
			SetupLoadedEditorAssemblies (326ms)
				LogAssemblyErrors (0ms)
				InitializePlatformSupportModulesInManaged (6ms)
				SetLoadedEditorAssemblies (1ms)
				RefreshPlugins (79ms)
				BeforeProcessingInitializeOnLoad (48ms)
				ProcessInitializeOnLoadAttributes (147ms)
				ProcessInitializeOnLoadMethodAttributes (44ms)
				AfterProcessingInitializeOnLoad (0ms)
				EditorAssembliesLoaded (0ms)
			ExecutionOrderSort2 (0ms)
			AwakeInstancesAfterBackupRestoration (0ms)
Platform modules already initialized, skipping
Registering precompiled user dll's ...
Registered in 0.009047 seconds.
Begin MonoManager ReloadAssembly
Native extension for WindowsStandalone target not found
Native extension for OSXStandalone target not found
Refreshing native plugins compatible for Editor in 72.98 ms, found 2 plugins.
Preloading 0 native plugins for Editor in 0.00 ms.
Mono: successfully reloaded assembly
- Completed reload, in  1.908 seconds
Domain Reload Profiling:
	ReloadAssembly (1910ms)
		BeginReloadAssembly (231ms)
			ExecutionOrderSort (0ms)
			DisableScriptedObjects (8ms)
			BackupInstance (0ms)
			ReleaseScriptingObjects (0ms)
			CreateAndSetChildDomain (49ms)
		EndReloadAssembly (1585ms)
			LoadAssemblies (163ms)
			RebuildTransferFunctionScriptingTraits (0ms)
			SetupTypeCache (591ms)
			ReleaseScriptCaches (1ms)
			RebuildScriptCaches (95ms)
			SetupLoadedEditorAssemblies (538ms)
				LogAssemblyErrors (0ms)
				InitializePlatformSupportModulesInManaged (7ms)
				SetLoadedEditorAssemblies (0ms)
				RefreshPlugins (73ms)
				BeforeProcessingInitializeOnLoad (144ms)
				ProcessInitializeOnLoadAttributes (298ms)
				ProcessInitializeOnLoadMethodAttributes (14ms)
				AfterProcessingInitializeOnLoad (2ms)
				EditorAssembliesLoaded (0ms)
			ExecutionOrderSort2 (0ms)
			AwakeInstancesAfterBackupRestoration (8ms)
Platform modules already initialized, skipping
Validating Project structure ... 0.002824 seconds.

LICENSE SYSTEM [202256 4:32:26] Next license update check is after 2022-04-19T14:41:37

Shader import version has changed; will reimport all shaders...
Upgrading shader files ...0.004278 seconds.
Application.AssetDatabase Initial Script Refresh Start
RefreshInfo: InitialScriptRefreshV2(NoUpdateAssetOptions) scanfilter:  ... 1 filters
RefreshProfiler: Total: 0.000ms
Application.AssetDatabase Initial Script Refresh End
Application.AssetDatabase.Refresh Start
Application.AssetDatabase.Refresh End
RefreshInfo: StopAssetImportingV2(ForceSynchronousImport) scanfilter: 
RefreshProfiler: Total: 0.000ms
Launching external process: /Applications/Unity/Hub/Editor/2020.3.21f1c1/Unity.app/Contents/Tools/UnityShaderCompiler
Launched and connected shader compiler UnityShaderCompiler after 0.01 seconds
Initializing Unity extensions:
========================================================================
Worker process is ready to serve import requests
Refreshing native plugins compatible for Editor in 0.68 ms, found 2 plugins.
Preloading 0 native plugins for Editor in 0.00 ms.
Unloading 3235 Unused Serialized files (Serialized files now loaded: 0)
System memory in use before: 257.8 MB.
System memory in use after: 257.7 MB.

Unloading 159 unused Assets to reduce memory usage. Loaded Objects now: 3708.
Total: 4.796595 ms (FindLiveObjects: 0.383991 ms CreateObjectMapping: 0.178789 ms MarkObjects: 3.854967 ms  DeleteObjects: 0.377377 ms)

AssetImportParameters requested are different than current active one (requested -> active):
  custom:video-decoder-ogg-theora: a1e56fd34408186e4bbccfd4996cb3dc -> 
  custom:container-muxer-webm: aa71ff27fc2769a1b78a27578f13a17b -> 
  custom:container-demuxer-webm: 4f35f7cbe854078d1ac9338744f61a02 -> 
  custom:container-demuxer-ogg: 62fdf1f143b41e24485cea50d1cbac27 -> 
  custom:video-encoder-webm-vp8: eb34c28f22e8b96e1ab97ce403110664 -> 
  custom:framework-osx-AVFoundation: e770b220cccbd017edd2c1fefb359320 -> 
  custom:video-decoder-webm-vp8: 9c59270c3fd7afecdb556c50c9e8de78 -> 
  custom:audio-decoder-ogg-vorbis: bf7c407c2cedff20999df2af8eb42d56 -> 
  custom:audio-encoder-webm-vorbis: bf7c407c2cedff20999df2af8eb42d56 -> 
========================================================================
Received Import Request.
  path: Assets/Capsule.prefab
  artifactKey: Guid(cf1ae6fd641e24d2bacdd97c9589e99a) Importer(815301076,1909f56bfc062723c751e8b465ee728b)
Start importing Assets/Capsule.prefab using Guid(cf1ae6fd641e24d2bacdd97c9589e99a) Importer(815301076,1909f56bfc062723c751e8b465ee728b)  -> (artifact id: '0ad60e5311f9cfb3910b0a0bba79af28') in 2.077302 seconds 
  Import took 2.091138 seconds .

========================================================================
Received Import Request.
  Time since last request: 0.258861 seconds.
  path: Assets/Models
  artifactKey: Guid(d410d950908aa464ba4c753c814bbdbc) Importer(815301076,1909f56bfc062723c751e8b465ee728b)
Start importing Assets/Models using Guid(d410d950908aa464ba4c753c814bbdbc) Importer(815301076,1909f56bfc062723c751e8b465ee728b)  -> (artifact id: '8948d2adc891d0e8bfe742ef410a852b') in 0.001386 seconds 
  Import took 0.010599 seconds .

========================================================================
Received Import Request.
  Time since last request: 0.071514 seconds.
  path: Assets/Models/Campus Model new version.prefab
  artifactKey: Guid(773ccb2c3e3e648cb89378dfa6910494) Importer(815301076,1909f56bfc062723c751e8b465ee728b)
Start importing Assets/Models/Campus Model new version.prefab using Guid(773ccb2c3e3e648cb89378dfa6910494) Importer(815301076,1909f56bfc062723c751e8b465ee728b)  -> (artifact id: '12a1a17ee968435ab92763e389ac2bad') in 0.278131 seconds 
  Import took 0.286210 seconds .

